<?xml version="1.0" encoding="UTF-8"?>
<testng-results ignored="0" total="1" passed="1" failed="0" skipped="0">
  <reporter-output>
  </reporter-output>
  <suite started-at="2024-03-26T12:30:37 IST" name="Default suite" finished-at="2024-03-26T12:30:56 IST" duration-ms="19667">
    <groups>
    </groups>
    <test started-at="2024-03-26T12:30:37 IST" name="Default test" finished-at="2024-03-26T12:30:56 IST" duration-ms="19667">
      <class name="test.logintest">
        <test-method is-config="true" signature="Pre_Condition()[pri:0, instance:test.logintest@1b1cfb87]" started-at="2024-03-26T12:30:37 IST" name="Pre_Condition" finished-at="2024-03-26T12:30:53 IST" duration-ms="16547" status="PASS">
          <reporter-output>
          </reporter-output>
        </test-method> <!-- Pre_Condition -->
        <test-method signature="testSwagLabsLogin()[pri:0, instance:test.logintest@1b1cfb87]" started-at="2024-03-26T12:30:53 IST" name="testSwagLabsLogin" finished-at="2024-03-26T12:30:56 IST" duration-ms="2549" status="PASS">
          <reporter-output>
          </reporter-output>
        </test-method> <!-- testSwagLabsLogin -->
        <test-method is-config="true" signature="Post_Condition()[pri:0, instance:test.logintest@1b1cfb87]" started-at="2024-03-26T12:30:56 IST" name="Post_Condition" finished-at="2024-03-26T12:30:56 IST" duration-ms="461" status="PASS">
          <reporter-output>
          </reporter-output>
        </test-method> <!-- Post_Condition -->
      </class> <!-- test.logintest -->
    </test> <!-- Default test -->
  </suite> <!-- Default suite -->
</testng-results>
